Temp/gradleOut/common_lib/build/outputs/logs/manifest-merger-debug-report.txt
-- Merging decision tree log ---
manifest
ADDED from gradleOut/common_lib/AndroidManifest.xml:2:1-13:12
INJECTED from gradleOut/common_lib/AndroidManifest.xml:2:1-13:12
INJECTED from gradleOut/common_lib/AndroidManifest.xml:2:1-13:12
INJECTED from gradleOut/common_lib/AndroidManifest.xml:2:1-13:12
INJECTED from gradleOut/common_lib/AndroidManifest.xml:2:1-13:12
INJECTED from gradleOut/common_lib/AndroidManifest.xml:2:1-13:12
INJECTED from gradleOut/common_lib/AndroidManifest.xml:2:1-13:12
	package
		ADDED from gradleOut/common_lib/AndroidManifest.xml:4:5-41
		INJECTED from gradleOut/common_lib/AndroidManifest.xml
		INJECTED from gradleOut/common_lib/AndroidManifest.xml
	android:versionName
		ADDED from gradleOut/common_lib/AndroidManifest.xml:6:5-30
		INJECTED from gradleOut/common_lib/AndroidManifest.xml
		INJECTED from gradleOut/common_lib/AndroidManifest.xml
	xmlns:android
		ADDED from gradleOut/common_lib/AndroidManifest.xml:3:5-63
	android:versionCode
		ADDED from gradleOut/common_lib/AndroidManifest.xml:5:5-28
		INJECTED from gradleOut/common_lib/AndroidManifest.xml
		INJECTED from gradleOut/common_lib/AndroidManifest.xml
uses-sdk
ADDED from gradleOut/common_lib/AndroidManifest.xml:8:5-43
INJECTED from gradleOut/common_lib/AndroidManifest.xml:8:5-43
INJECTED from gradleOut/common_lib/AndroidManifest.xml:8:5-43
	android:targetSdkVersion
		INJECTED from gradleOut/common_lib/AndroidManifest.xml
		ADDED from gradleOut/common_lib/AndroidManifest.xml:8:5-43
		INJECTED from gradleOut/common_lib/AndroidManifest.xml
	android:minSdkVersion
		ADDED from gradleOut/common_lib/AndroidManifest.xml:8:15-40
application
ADDED from gradleOut/common_lib/AndroidManifest.xml:10:5-11:19